C:\Users\Er.Parveen\Source\Repos\Angular2Demo-Repo\Angular2Demo\src\app\app.component.js
C:\Users\Er.Parveen\Source\Repos\Angular2Demo-Repo\Angular2Demo\src\app\app.component.js.map
C:\Users\Er.Parveen\Source\Repos\Angular2Demo-Repo\Angular2Demo\src\app\employee\employee.js
C:\Users\Er.Parveen\Source\Repos\Angular2Demo-Repo\Angular2Demo\src\app\employee\employee.js.map
C:\Users\Er.Parveen\Source\Repos\Angular2Demo-Repo\Angular2Demo\src\app\employee\employee.service.js
C:\Users\Er.Parveen\Source\Repos\Angular2Demo-Repo\Angular2Demo\src\app\employee\employee.service.js.map
C:\Users\Er.Parveen\Source\Repos\Angular2Demo-Repo\Angular2Demo\src\app\employee\employee.component.js
C:\Users\Er.Parveen\Source\Repos\Angular2Demo-Repo\Angular2Demo\src\app\employee\employee.component.js.map
C:\Users\Er.Parveen\Source\Repos\Angular2Demo-Repo\Angular2Demo\src\app\employee\employeeList.component.js
C:\Users\Er.Parveen\Source\Repos\Angular2Demo-Repo\Angular2Demo\src\app\employee\employeeList.component.js.map
C:\Users\Er.Parveen\Source\Repos\Angular2Demo-Repo\Angular2Demo\src\app\employee\employeeTitlePipe.js
C:\Users\Er.Parveen\Source\Repos\Angular2Demo-Repo\Angular2Demo\src\app\employee\employeeTitlePipe.js.map
C:\Users\Er.Parveen\Source\Repos\Angular2Demo-Repo\Angular2Demo\src\app\employee\employeeCount.Component.js
C:\Users\Er.Parveen\Source\Repos\Angular2Demo-Repo\Angular2Demo\src\app\employee\employeeCount.Component.js.map
C:\Users\Er.Parveen\Source\Repos\Angular2Demo-Repo\Angular2Demo\src\app\Others\simple.component.js
C:\Users\Er.Parveen\Source\Repos\Angular2Demo-Repo\Angular2Demo\src\app\Others\simple.component.js.map
C:\Users\Er.Parveen\Source\Repos\Angular2Demo-Repo\Angular2Demo\src\app\home\home.component.js
C:\Users\Er.Parveen\Source\Repos\Angular2Demo-Repo\Angular2Demo\src\app\home\home.component.js.map
C:\Users\Er.Parveen\Source\Repos\Angular2Demo-Repo\Angular2Demo\src\app\Others\pageNotFound.component.js
C:\Users\Er.Parveen\Source\Repos\Angular2Demo-Repo\Angular2Demo\src\app\Others\pageNotFound.component.js.map
C:\Users\Er.Parveen\Source\Repos\Angular2Demo-Repo\Angular2Demo\src\app\app.module.js
C:\Users\Er.Parveen\Source\Repos\Angular2Demo-Repo\Angular2Demo\src\app\app.module.js.map
C:\Users\Er.Parveen\Source\Repos\Angular2Demo-Repo\Angular2Demo\src\main.js
C:\Users\Er.Parveen\Source\Repos\Angular2Demo-Repo\Angular2Demo\src\main.js.map
C:\Users\Er.Parveen\Source\Repos\Angular2Demo-Repo\Angular2Demo\src\app\app.component.spec.js
C:\Users\Er.Parveen\Source\Repos\Angular2Demo-Repo\Angular2Demo\src\app\app.component.spec.js.map
